Using pre-set license
Built from '2021.3/staging' branch; Version is '2021.3.24f1 (cf10dcf7010d) revision 13570268'; Using compiler version '192829333'; Build Type 'Release'
OS: 'Windows 11  (10.0.22621) 64bit Professional' Language: 'ko' Physical Memory: 16257 MB
BatchMode: 1, IsHumanControllingUs: 0, StartBugReporterOnCrash: 0, Is64bit: 1, IsPro: 1

COMMAND LINE ARGUMENTS:
C:\Program Files\Unity\Hub\Editor\2021.3.24f1\Editor\Unity.exe
-adb2
-batchMode
-noUpm
-name
AssetImportWorker0
-projectPath
D:/UnityProject/RR
-logFile
Logs/AssetImportWorker0.log
-srvPort
52233
Successfully changed project path to: D:/UnityProject/RR
D:/UnityProject/RR
[UnityMemory] Configuration Parameters - Can be set up in boot.config
    "memorysetup-bucket-allocator-granularity=16"
    "memorysetup-bucket-allocator-bucket-count=8"
    "memorysetup-bucket-allocator-block-size=33554432"
    "memorysetup-bucket-allocator-block-count=8"
    "memorysetup-main-allocator-block-size=16777216"
    "memorysetup-thread-allocator-block-size=16777216"
    "memorysetup-gfx-main-allocator-block-size=16777216"
    "memorysetup-gfx-thread-allocator-block-size=16777216"
    "memorysetup-cache-allocator-block-size=4194304"
    "memorysetup-typetree-allocator-block-size=2097152"
    "memorysetup-profiler-bucket-allocator-granularity=16"
    "memorysetup-profiler-bucket-allocator-bucket-count=8"
    "memorysetup-profiler-bucket-allocator-block-size=33554432"
    "memorysetup-profiler-bucket-allocator-block-count=8"
    "memorysetup-profiler-allocator-block-size=16777216"
    "memorysetup-profiler-editor-allocator-block-size=1048576"
    "memorysetup-temp-allocator-size-main=16777216"
    "memorysetup-job-temp-allocator-block-size=2097152"
    "memorysetup-job-temp-allocator-block-size-background=1048576"
    "memorysetup-job-temp-allocator-reduction-small-platforms=262144"
    "memorysetup-temp-allocator-size-background-worker=32768"
    "memorysetup-temp-allocator-size-job-worker=262144"
    "memorysetup-temp-allocator-size-preload-manager=33554432"
    "memorysetup-temp-allocator-size-nav-mesh-worker=65536"
    "memorysetup-temp-allocator-size-audio-worker=65536"
    "memorysetup-temp-allocator-size-cloud-worker=32768"
    "memorysetup-temp-allocator-size-gi-baking-worker=262144"
    "memorysetup-temp-allocator-size-gfx=262144"
Player connection [13900] Host "[IP] 10.50.235.243 [Port] 0 [Flags] 2 [Guid] 825787795 [EditorId] 825787795 [Version] 1048832 [Id] WindowsEditor(7,레노버리전) [Debug] 1 [PackageName] WindowsEditor [ProjectName] Editor" joined multi-casting on [225.0.0.222:54997]...

Player connection [13900] Host "[IP] 10.50.235.243 [Port] 0 [Flags] 2 [Guid] 825787795 [EditorId] 825787795 [Version] 1048832 [Id] WindowsEditor(7,레노버리전) [Debug] 1 [PackageName] WindowsEditor [ProjectName] Editor" joined alternative multi-casting on [225.0.0.222:34997]...

Refreshing native plugins compatible for Editor in 75.92 ms, found 3 plugins.
Preloading 0 native plugins for Editor in 0.00 ms.
Initialize engine version: 2021.3.24f1 (cf10dcf7010d)
[Subsystems] Discovering subsystems at path C:/Program Files/Unity/Hub/Editor/2021.3.24f1/Editor/Data/Resources/UnitySubsystems
[Subsystems] Discovering subsystems at path D:/UnityProject/RR/Assets
GfxDevice: creating device client; threaded=0; jobified=0
Direct3D:
    Version:  Direct3D 11.0 [level 11.1]
    Renderer: NVIDIA GeForce GTX 1060 (ID=0x1c20)
    Vendor:   NVIDIA
    VRAM:     6052 MB
    Driver:   26.21.14.3650
Initialize mono
Mono path[0] = 'C:/Program Files/Unity/Hub/Editor/2021.3.24f1/Editor/Data/Managed'
Mono path[1] = 'C:/Program Files/Unity/Hub/Editor/2021.3.24f1/Editor/Data/MonoBleedingEdge/lib/mono/unityjit-win32'
Mono config path = 'C:/Program Files/Unity/Hub/Editor/2021.3.24f1/Editor/Data/MonoBleedingEdge/etc'
Using monoOptions --debugger-agent=transport=dt_socket,embedding=1,server=y,suspend=n,address=127.0.0.1:56848
Begin MonoManager ReloadAssembly
Registering precompiled unity dll's ...
Register platform support module: C:/Program Files/Unity/Hub/Editor/2021.3.24f1/Editor/Data/PlaybackEngines/WindowsStandaloneSupport/UnityEditor.WindowsStandalone.Extensions.dll
Registered in 0.005221 seconds.
Native extension for WindowsStandalone target not found
Refreshing native plugins compatible for Editor in 72.67 ms, found 3 plugins.
Preloading 0 native plugins for Editor in 0.00 ms.
Mono: successfully reloaded assembly
- Completed reload, in  0.649 seconds
Domain Reload Profiling:
	ReloadAssembly (650ms)
		BeginReloadAssembly (88ms)
			ExecutionOrderSort (0ms)
			DisableScriptedObjects (0ms)
			BackupInstance (0ms)
			ReleaseScriptingObjects (0ms)
			CreateAndSetChildDomain (1ms)
		EndReloadAssembly (459ms)
			LoadAssemblies (85ms)
			RebuildTransferFunctionScriptingTraits (0ms)
			SetupTypeCache (109ms)
			ReleaseScriptCaches (0ms)
			RebuildScriptCaches (30ms)
			SetupLoadedEditorAssemblies (267ms)
				LogAssemblyErrors (0ms)
				InitializePlatformSupportModulesInManaged (7ms)
				SetLoadedEditorAssemblies (0ms)
				RefreshPlugins (73ms)
				BeforeProcessingInitializeOnLoad (1ms)
				ProcessInitializeOnLoadAttributes (136ms)
				ProcessInitializeOnLoadMethodAttributes (49ms)
				AfterProcessingInitializeOnLoad (0ms)
				EditorAssembliesLoaded (0ms)
			ExecutionOrderSort2 (0ms)
			AwakeInstancesAfterBackupRestoration (0ms)
Platform modules already initialized, skipping
Registering precompiled user dll's ...
Registered in 0.004826 seconds.
Begin MonoManager ReloadAssembly
Symbol file LoadedFromMemory doesn't match image D:\UnityProject\RR\Library\PackageCache\com.unity.visualscripting@1.8.0\Editor\VisualScripting.Core\Dependencies\YamlDotNet\Unity.VisualScripting.YamlDotNet.dll
Symbol file LoadedFromMemory doesn't match image D:\UnityProject\RR\Library\PackageCache\com.unity.visualscripting@1.8.0\Editor\VisualScripting.Core\Dependencies\DotNetZip\Unity.VisualScripting.IonicZip.dll
Native extension for WindowsStandalone target not found
Refreshing native plugins compatible for Editor in 0.46 ms, found 3 plugins.
Preloading 0 native plugins for Editor in 0.00 ms.
Mono: successfully reloaded assembly
- Completed reload, in  1.105 seconds
Domain Reload Profiling:
	ReloadAssembly (1106ms)
		BeginReloadAssembly (127ms)
			ExecutionOrderSort (0ms)
			DisableScriptedObjects (6ms)
			BackupInstance (0ms)
			ReleaseScriptingObjects (0ms)
			CreateAndSetChildDomain (19ms)
		EndReloadAssembly (865ms)
			LoadAssemblies (92ms)
			RebuildTransferFunctionScriptingTraits (0ms)
			SetupTypeCache (325ms)
			ReleaseScriptCaches (1ms)
			RebuildScriptCaches (56ms)
			SetupLoadedEditorAssemblies (360ms)
				LogAssemblyErrors (0ms)
				InitializePlatformSupportModulesInManaged (5ms)
				SetLoadedEditorAssemblies (0ms)
				RefreshPlugins (1ms)
				BeforeProcessingInitializeOnLoad (82ms)
				ProcessInitializeOnLoadAttributes (244ms)
				ProcessInitializeOnLoadMethodAttributes (21ms)
				AfterProcessingInitializeOnLoad (7ms)
				EditorAssembliesLoaded (0ms)
			ExecutionOrderSort2 (0ms)
			AwakeInstancesAfterBackupRestoration (6ms)
Platform modules already initialized, skipping
========================================================================
Worker process is ready to serve import requests
Launched and connected shader compiler UnityShaderCompiler.exe after 0.08 seconds
Refreshing native plugins compatible for Editor in 0.49 ms, found 3 plugins.
Preloading 0 native plugins for Editor in 0.00 ms.
Unloading 3047 Unused Serialized files (Serialized files now loaded: 0)
Unloading 24 unused Assets / (113.4 KB). Loaded Objects now: 3507.
Memory consumption went from 107.5 MB to 107.4 MB.
Total: 4.288200 ms (FindLiveObjects: 0.258200 ms CreateObjectMapping: 0.198000 ms MarkObjects: 3.715600 ms  DeleteObjects: 0.115300 ms)

AssetImportParameters requested are different than current active one (requested -> active):
  custom:video-decoder-ogg-theora: a1e56fd34408186e4bbccfd4996cb3dc -> 
  custom:container-muxer-webm: aa71ff27fc2769a1b78a27578f13a17b -> 
  custom:container-demuxer-webm: 4f35f7cbe854078d1ac9338744f61a02 -> 
  custom:video-encoder-webm-vp8: eb34c28f22e8b96e1ab97ce403110664 -> 
  custom:audio-encoder-webm-vorbis: bf7c407c2cedff20999df2af8eb42d56 -> 
  custom:framework-win-MediaFoundation: 216162199b28c13a410421893ffa2e32 -> 
  custom:container-demuxer-ogg: 62fdf1f143b41e24485cea50d1cbac27 -> 
  custom:video-decoder-webm-vp8: 9c59270c3fd7afecdb556c50c9e8de78 -> 
  custom:audio-decoder-ogg-vorbis: bf7c407c2cedff20999df2af8eb42d56 -> 
========================================================================
Received Import Request.
  Time since last request: 1366617.573105 seconds.
  path: Assets
  artifactKey: Guid(00000000000000001000000000000000) Importer(815301076,1909f56bfc062723c751e8b465ee728b)
Start importing Assets using Guid(00000000000000001000000000000000) Importer(815301076,1909f56bfc062723c751e8b465ee728b)  -> (artifact id: '79842766b460edbeab6a34051e857a80') in 0.011385 seconds 
========================================================================
Received Import Request.
  Time since last request: 1.784825 seconds.
  path: Assets/Asset Store
  artifactKey: Guid(3258a1598a03d9c45b613042dc1d515e) Importer(815301076,1909f56bfc062723c751e8b465ee728b)
Start importing Assets/Asset Store using Guid(3258a1598a03d9c45b613042dc1d515e) Importer(815301076,1909f56bfc062723c751e8b465ee728b)  -> (artifact id: '1bbdcfcabad24f8d6264ded192e2521d') in 0.008630 seconds 
========================================================================
Received Import Request.
  Time since last request: 10.086196 seconds.
  path: Assets/Asset Store/Cowboy
  artifactKey: Guid(c56767fde888ca14b976ac70c251e3e9) Importer(815301076,1909f56bfc062723c751e8b465ee728b)
Start importing Assets/Asset Store/Cowboy using Guid(c56767fde888ca14b976ac70c251e3e9) Importer(815301076,1909f56bfc062723c751e8b465ee728b)  -> (artifact id: '07845f2ff98052da96b73a5da645939c') in 0.007705 seconds 
========================================================================
Received Import Request.
  Time since last request: 1.577760 seconds.
  path: Assets/Asset Store/Cowboy/Prefabs
  artifactKey: Guid(f9b02e064a3c0e348b82153fed3a0728) Importer(815301076,1909f56bfc062723c751e8b465ee728b)
Start importing Assets/Asset Store/Cowboy/Prefabs using Guid(f9b02e064a3c0e348b82153fed3a0728) Importer(815301076,1909f56bfc062723c751e8b465ee728b)  -> (artifact id: '54a74c9c9111542fc7b738e013242348') in 0.007844 seconds 
========================================================================
Received Import Request.
  Time since last request: 0.057292 seconds.
  path: Assets/Asset Store/Cowboy/Prefabs/Cowboy.prefab
  artifactKey: Guid(93f8a13fb89985e4f8d0d8ecff94969a) Importer(815301076,1909f56bfc062723c751e8b465ee728b)
Start importing Assets/Asset Store/Cowboy/Prefabs/Cowboy.prefab using Guid(93f8a13fb89985e4f8d0d8ecff94969a) Importer(815301076,1909f56bfc062723c751e8b465ee728b)  -> (artifact id: '3eb0c3720b0504a557d63a1a59465eef') in 0.391462 seconds 
========================================================================
Received Import Request.
  Time since last request: 222.610856 seconds.
  path: Assets/Asset Store/Cowboy/Model/Cowboy 1.0.FBX
  artifactKey: Guid(823cf87589cbc37418eef507333f00bf) Importer(815301076,1909f56bfc062723c751e8b465ee728b)
Start importing Assets/Asset Store/Cowboy/Model/Cowboy 1.0.FBX using Guid(823cf87589cbc37418eef507333f00bf) Importer(815301076,1909f56bfc062723c751e8b465ee728b)  -> (artifact id: 'fd77548ce5931093545dc8cefc98db96') in 0.446154 seconds 
========================================================================
Received Import Request.
  Time since last request: 22.204871 seconds.
  path: Assets/Asset Store/Cowboy/Textures/CowBoyDiffuse.png
  artifactKey: Guid(006b42f4eefbdb343b90d28428bfef0b) Importer(815301076,1909f56bfc062723c751e8b465ee728b)
Start importing Assets/Asset Store/Cowboy/Textures/CowBoyDiffuse.png using Guid(006b42f4eefbdb343b90d28428bfef0b) Importer(815301076,1909f56bfc062723c751e8b465ee728b)  -> (artifact id: '59dca723cd78187586df20c433ff417d') in 0.027859 seconds 
========================================================================
Received Import Request.
  Time since last request: 2.261159 seconds.
  path: Assets/Asset Store/Cowboy/Model
  artifactKey: Guid(1c5539ea8a111f74ba0df26fda9c8a6b) Importer(815301076,1909f56bfc062723c751e8b465ee728b)
Start importing Assets/Asset Store/Cowboy/Model using Guid(1c5539ea8a111f74ba0df26fda9c8a6b) Importer(815301076,1909f56bfc062723c751e8b465ee728b)  -> (artifact id: '362317f26493b3ff66db01e8cf2fc28b') in 0.008282 seconds 
========================================================================
Received Import Request.
  Time since last request: 19.424100 seconds.
  path: Assets/Asset Store/Cowboy/Model/New Animation.anim
  artifactKey: Guid(be9da90379d5b9d4abc95cd865f6fce6) Importer(815301076,1909f56bfc062723c751e8b465ee728b)
Start importing Assets/Asset Store/Cowboy/Model/New Animation.anim using Guid(be9da90379d5b9d4abc95cd865f6fce6) Importer(815301076,1909f56bfc062723c751e8b465ee728b)  -> (artifact id: 'cc54403296f11e7325c554ad3a7b7ae2') in 0.009895 seconds 
========================================================================
Received Import Request.
  Time since last request: 13.763984 seconds.
  path: Assets/Asset Store/Cowboy/Model/New Animator Controller.controller
  artifactKey: Guid(9d99029dcaf9f7f47b72fa08d41b85f9) Importer(815301076,1909f56bfc062723c751e8b465ee728b)
Start importing Assets/Asset Store/Cowboy/Model/New Animator Controller.controller using Guid(9d99029dcaf9f7f47b72fa08d41b85f9) Importer(815301076,1909f56bfc062723c751e8b465ee728b)  -> (artifact id: '0a3b18c5e624807fa77bdef141ef0662') in 0.010831 seconds 
========================================================================
Received Import Request.
  Time since last request: 4.821197 seconds.
  path: Assets/Asset Store/Cowboy/Model/cowboy.controller
  artifactKey: Guid(9d99029dcaf9f7f47b72fa08d41b85f9) Importer(815301076,1909f56bfc062723c751e8b465ee728b)
Start importing Assets/Asset Store/Cowboy/Model/cowboy.controller using Guid(9d99029dcaf9f7f47b72fa08d41b85f9) Importer(815301076,1909f56bfc062723c751e8b465ee728b)  -> (artifact id: '7c3f1d9a3bccbc7aafa0880b3297305e') in 0.008314 seconds 
========================================================================
Received Import Request.
  Time since last request: 5.184275 seconds.
  path: Assets/Asset Store/ManNeko_Assets/Adventurer Blake
  artifactKey: Guid(b8286e6e48643a244a7ddaee34dd7f4b) Importer(815301076,1909f56bfc062723c751e8b465ee728b)
Start importing Assets/Asset Store/ManNeko_Assets/Adventurer Blake using Guid(b8286e6e48643a244a7ddaee34dd7f4b) Importer(815301076,1909f56bfc062723c751e8b465ee728b)  -> (artifact id: '1e4b289b334891d5349b5fd170f2e4ec') in 0.008749 seconds 
========================================================================
Received Import Request.
  Time since last request: 0.729987 seconds.
  path: Assets/Asset Store/ManNeko_Assets/Adventurer Blake/Animations
  artifactKey: Guid(99ca94df6b3ce944d886b083977e0df5) Importer(815301076,1909f56bfc062723c751e8b465ee728b)
Start importing Assets/Asset Store/ManNeko_Assets/Adventurer Blake/Animations using Guid(99ca94df6b3ce944d886b083977e0df5) Importer(815301076,1909f56bfc062723c751e8b465ee728b)  -> (artifact id: '55cd9fc9035835dae9895e7a87605ab3') in 0.009392 seconds 
========================================================================
Received Prepare
Registering precompiled user dll's ...
Registered in 0.005094 seconds.
Begin MonoManager ReloadAssembly
Symbol file LoadedFromMemory doesn't match image D:\UnityProject\RR\Library\PackageCache\com.unity.visualscripting@1.8.0\Editor\VisualScripting.Core\Dependencies\YamlDotNet\Unity.VisualScripting.YamlDotNet.dll
Symbol file LoadedFromMemory doesn't match image D:\UnityProject\RR\Library\PackageCache\com.unity.visualscripting@1.8.0\Editor\VisualScripting.Core\Dependencies\DotNetZip\Unity.VisualScripting.IonicZip.dll
Native extension for WindowsStandalone target not found
Refreshing native plugins compatible for Editor in 0.46 ms, found 3 plugins.
Preloading 0 native plugins for Editor in 0.00 ms.
Mono: successfully reloaded assembly
- Completed reload, in  1.004 seconds
Domain Reload Profiling:
	ReloadAssembly (1004ms)
		BeginReloadAssembly (145ms)
			ExecutionOrderSort (0ms)
			DisableScriptedObjects (5ms)
			BackupInstance (0ms)
			ReleaseScriptingObjects (0ms)
			CreateAndSetChildDomain (38ms)
		EndReloadAssembly (758ms)
			LoadAssemblies (95ms)
			RebuildTransferFunctionScriptingTraits (0ms)
			SetupTypeCache (304ms)
			ReleaseScriptCaches (1ms)
			RebuildScriptCaches (39ms)
			SetupLoadedEditorAssemblies (293ms)
				LogAssemblyErrors (0ms)
				InitializePlatformSupportModulesInManaged (5ms)
				SetLoadedEditorAssemblies (0ms)
				RefreshPlugins (1ms)
				BeforeProcessingInitializeOnLoad (58ms)
				ProcessInitializeOnLoadAttributes (201ms)
				ProcessInitializeOnLoadMethodAttributes (20ms)
				AfterProcessingInitializeOnLoad (8ms)
				EditorAssembliesLoaded (0ms)
			ExecutionOrderSort2 (0ms)
			AwakeInstancesAfterBackupRestoration (7ms)
Platform modules already initialized, skipping
Refreshing native plugins compatible for Editor in 1.48 ms, found 3 plugins.
Preloading 0 native plugins for Editor in 0.00 ms.
Unloading 3042 Unused Serialized files (Serialized files now loaded: 0)
Unloading 17 unused Assets / (79.8 KB). Loaded Objects now: 3526.
Memory consumption went from 125.0 MB to 124.9 MB.
Total: 2.708900 ms (FindLiveObjects: 0.217200 ms CreateObjectMapping: 0.114000 ms MarkObjects: 2.308800 ms  DeleteObjects: 0.068300 ms)

AssetImportParameters requested are different than current active one (requested -> active):
  custom:video-decoder-ogg-theora: a1e56fd34408186e4bbccfd4996cb3dc -> 
  custom:container-muxer-webm: aa71ff27fc2769a1b78a27578f13a17b -> 
  custom:container-demuxer-webm: 4f35f7cbe854078d1ac9338744f61a02 -> 
  custom:video-encoder-webm-vp8: eb34c28f22e8b96e1ab97ce403110664 -> 
  custom:audio-encoder-webm-vorbis: bf7c407c2cedff20999df2af8eb42d56 -> 
  custom:framework-win-MediaFoundation: 216162199b28c13a410421893ffa2e32 -> 
  custom:container-demuxer-ogg: 62fdf1f143b41e24485cea50d1cbac27 -> 
  custom:video-decoder-webm-vp8: 9c59270c3fd7afecdb556c50c9e8de78 -> 
  custom:audio-decoder-ogg-vorbis: bf7c407c2cedff20999df2af8eb42d56 -> 
